ERROR http-8180-1 it.unibas.icar.freesbee.persistenza.soap.DAOAutenticazioneSOAP - Impossibile autenticare l'utente admin - javax.xml.ws.WebServiceException: org.apache.cxf.service.factory.ServiceConstructionException: Failed to create service.
WARN http-bio-18080-exec-7 org.apache.cxf.service.factory.ReflectionServiceFactoryBean - Could not find a matching method for operation {http://icar.unibas.it/freesbee/}getRuolo. Operation will be unavailable.
WARN http-bio-18080-exec-4 org.apache.cxf.service.factory.ReflectionServiceFactoryBean - Could not find a matching method for operation {http://icar.unibas.it/freesbee/}getRuolo. Operation will be unavailable.
WARN http-8180-1 org.apache.cxf.service.factory.ReflectionServiceFactoryBean - Could not find a matching method for operation {http://icar.unibas.it/freesbee/}getRuolo. Operation will be unavailable.
ERROR http-bio-18080-exec-32 it.unibas.icar.freesbee.controllo.filtri.FiltroUtente - #########
WARN http-8180-1 org.apache.cxf.service.factory.ReflectionServiceFactoryBean - Could not find a matching method for operation {http://icar.unibas.it/freesbee/}getRuolo. Operation will be unavailable.
WARN http-8280-2 org.apache.cxf.service.factory.ReflectionServiceFactoryBean - Could not find a matching method for operation {http://icar.unibas.it/freesbee/}getRuolo. Operation will be unavailable.
WARN http-8280-1 org.apache.cxf.service.factory.ReflectionServiceFactoryBean - Could not find a matching method for operation {http://icar.unibas.it/freesbee/}getRuolo. Operation will be unavailable.
WARN http-bio-18080-exec-7 org.apache.cxf.service.factory.ReflectionServiceFactoryBean - Could not find a matching method for operation {http://icar.unibas.it/freesbee/}getRuolo. Operation will be unavailable.
WARN http-bio-18080-exec-6 org.apache.cxf.service.factory.ReflectionServiceFactoryBean - Could not find a matching method for operation {http://icar.unibas.it/freesbee/}getRuolo. Operation will be unavailable.
ERROR http-bio-18080-exec-9 it.unibas.icar.freesbee.persistenza.soap.DAOServizioSOAP - Impossibile aggiungere il servizio javax.xml.ws.soap.SOAPFaultException: could not execute statement
ERROR http-bio-18080-exec-9 it.unibas.icar.freesbee.controllo.ControlloGestioneServizi - Impossibile inserire il nuovo servizio. it.unibas.icar.freesbee.persistenza.DAOException: javax.xml.ws.soap.SOAPFaultException: could not execute statement
ERROR http-bio-18080-exec-9 it.unibas.icar.freesbee.persistenza.soap.DAOServizioAccordoSOAP - Impossibile leggere il servizio javax.xml.ws.soap.SOAPFaultException: nested transactions not supported
ERROR http-bio-18080-exec-9 it.unibas.icar.freesbee.vista.VistaGestioneServizi - Impossibile leggere l'elenco degli accordi di servizio it.unibas.icar.freesbee.persistenza.DAOException: it.unibas.icar.freesbee.persistenza.DAOException: javax.xml.ws.soap.SOAPFaultException: nested transactions not supported
ERROR http-bio-18080-exec-9 it.unibas.icar.freesbee.persistenza.soap.DAOSoggettoSOAP - Impossibile leggere il soggetto javax.xml.ws.soap.SOAPFaultException: nested transactions not supported
ERROR http-bio-18080-exec-9 it.unibas.icar.freesbee.persistenza.soap.DAOServizioAccordoSOAP - Impossibile leggere il servizio it.unibas.icar.freesbee.persistenza.DAOException: javax.xml.ws.soap.SOAPFaultException: nested transactions not supported
ERROR http-bio-18080-exec-9 it.unibas.icar.freesbee.vista.VistaGestioneServizi - Impossibile leggere l'elenco degli accordi di servizio it.unibas.icar.freesbee.persistenza.DAOException: it.unibas.icar.freesbee.persistenza.DAOException: it.unibas.icar.freesbee.persistenza.DAOException: javax.xml.ws.soap.SOAPFaultException: nested transactions not supported
WARN http-bio-18080-exec-4 org.apache.cxf.service.factory.ReflectionServiceFactoryBean - Could not find a matching method for operation {http://icar.unibas.it/freesbee/}getRuolo. Operation will be unavailable.
WARN http-bio-18080-exec-1 org.apache.cxf.service.factory.ReflectionServiceFactoryBean - Could not find a matching method for operation {http://icar.unibas.it/freesbee/}getRuolo. Operation will be unavailable.
WARN http-bio-18080-exec-10 org.apache.cxf.service.factory.ReflectionServiceFactoryBean - Could not find a matching method for operation {http://icar.unibas.it/freesbee/}getRuolo. Operation will be unavailable.
WARN http-bio-18080-exec-10 org.apache.cxf.service.factory.ReflectionServiceFactoryBean - Could not find a matching method for operation {http://icar.unibas.it/freesbee/}getRuolo. Operation will be unavailable.
ERROR http-bio-18080-exec-1 it.unibas.icar.freesbee.persistenza.soap.DAOPortaDelegataSOAP - Impossibile aggiungere la porta delegata it.unibas.icar.freesbee.ws.client.portadelegata.cxf.SOAPFault_Exception: Impossibile aggiungere la nuova porta delegata Failed to start route route37 because of Multiple consumers for the same endpoint is not allowed: Endpoint[http://0.0.0.0:8192/PD/AAA_TESTMIOPD_1/]
ERROR http-bio-18080-exec-1 it.unibas.icar.freesbee.controllo.ControlloGestionePorteDelegate - Impossibile modificare la Porta Delegata. it.unibas.icar.freesbee.persistenza.DAOException: it.unibas.icar.freesbee.ws.client.portadelegata.cxf.SOAPFault_Exception: Impossibile aggiungere la nuova porta delegata Failed to start route route37 because of Multiple consumers for the same endpoint is not allowed: Endpoint[http://0.0.0.0:8192/PD/AAA_TESTMIOPD_1/]
ERROR http-bio-18080-exec-5 it.unibas.icar.freesbee.persistenza.soap.DAOPortaDelegataSOAP - Impossibile aggiungere la porta delegata it.unibas.icar.freesbee.ws.client.portadelegata.cxf.SOAPFault_Exception: Impossibile aggiungere la nuova porta delegata Failed to start route route39 because of Multiple consumers for the same endpoint is not allowed: Endpoint[http://0.0.0.0:8192/PD/AAA_TESTMIOPD_1/]
ERROR http-bio-18080-exec-5 it.unibas.icar.freesbee.controllo.ControlloGestionePorteDelegate - Impossibile inserire la porta delegata. it.unibas.icar.freesbee.persistenza.DAOException: it.unibas.icar.freesbee.ws.client.portadelegata.cxf.SOAPFault_Exception: Impossibile aggiungere la nuova porta delegata Failed to start route route39 because of Multiple consumers for the same endpoint is not allowed: Endpoint[http://0.0.0.0:8192/PD/AAA_TESTMIOPD_1/]
WARN http-bio-18080-exec-7 org.apache.cxf.service.factory.ReflectionServiceFactoryBean - Could not find a matching method for operation {http://icar.unibas.it/freesbee/}getRuolo. Operation will be unavailable.
WARN http-bio-18080-exec-4 org.apache.cxf.service.factory.ReflectionServiceFactoryBean - Could not find a matching method for operation {http://icar.unibas.it/freesbee/}getRuolo. Operation will be unavailable.
WARN http-bio-18080-exec-4 org.apache.cxf.service.factory.ReflectionServiceFactoryBean - Could not find a matching method for operation {http://icar.unibas.it/freesbee/}getRuolo. Operation will be unavailable.
WARN http-bio-18080-exec-6 org.apache.cxf.service.factory.ReflectionServiceFactoryBean - Could not find a matching method for operation {http://icar.unibas.it/freesbee/}getRuolo. Operation will be unavailable.
WARN http-bio-18080-exec-7 org.apache.cxf.service.factory.ReflectionServiceFactoryBean - Could not find a matching method for operation {http://icar.unibas.it/freesbee/}getRuolo. Operation will be unavailable.
WARN http-bio-18080-exec-10 org.apache.cxf.service.factory.ReflectionServiceFactoryBean - Could not find a matching method for operation {http://icar.unibas.it/freesbee/}getRuolo. Operation will be unavailable.
WARN http-bio-18080-exec-10 org.apache.cxf.service.factory.ReflectionServiceFactoryBean - Could not find a matching method for operation {http://icar.unibas.it/freesbee/}getRuolo. Operation will be unavailable.
ERROR http-bio-18080-exec-6 it.unibas.icar.freesbee.controllo.ControlloGestioneServizi - Servizio{id=98304, tipo=SPC, nome=TestServizioLoopback, idErogatore=131073, erogatore=it.unibas.icar.freesbee.modello.Soggetto@756469e8, idFruitori=[131072], fruitori=[it.unibas.icar.freesbee.modello.Soggetto@13653a8e], idAccordoServizio=98304, accordoServizio=it.unibas.icar.freesbee.modello.AccordoServizio@5ae74a94, correlato=false, privato=false, urlServizio=bgfbfgbf}
WARN http-bio-18080-exec-9 org.apache.cxf.service.factory.ReflectionServiceFactoryBean - Could not find a matching method for operation {http://icar.unibas.it/freesbee/}getRuolo. Operation will be unavailable.
ERROR http-bio-18080-exec-2 it.unibas.icar.freesbee.controllo.ControlloGestioneServizi - Servizio{id=98304, tipo=SPC, nome=TestServizioLoopback, idErogatore=131073, erogatore=it.unibas.icar.freesbee.modello.Soggetto@4d11ebb3, idFruitori=[131072], fruitori=[it.unibas.icar.freesbee.modello.Soggetto@53895c4c], idAccordoServizio=98304, accordoServizio=it.unibas.icar.freesbee.modello.AccordoServizio@5f0aac6c, correlato=false, privato=false, urlServizio=rgbgfbgfb}
WARN http-bio-18080-exec-10 org.apache.cxf.service.factory.ReflectionServiceFactoryBean - Could not find a matching method for operation {http://icar.unibas.it/freesbee/}getRuolo. Operation will be unavailable.
ERROR http-bio-18080-exec-6 it.unibas.icar.freesbee.controllo.ControlloGestioneServizi - Servizio{id=98304, tipo=SPC, nome=TestServizioLoopback, idErogatore=131073, erogatore=it.unibas.icar.freesbee.modello.Soggetto@303b0e3f, idFruitori=[131072], fruitori=[it.unibas.icar.freesbee.modello.Soggetto@752462d5], idAccordoServizio=98304, accordoServizio=it.unibas.icar.freesbee.modello.AccordoServizio@27d4ca08, correlato=false, privato=false, urlServizio=rtgbfbgfb}
WARN http-bio-18080-exec-6 org.apache.cxf.service.factory.ReflectionServiceFactoryBean - Could not find a matching method for operation {http://icar.unibas.it/freesbee/}getRuolo. Operation will be unavailable.
WARN http-bio-18080-exec-10 org.apache.cxf.service.factory.ReflectionServiceFactoryBean - Could not find a matching method for operation {http://icar.unibas.it/freesbee/}getRuolo. Operation will be unavailable.
WARN http-bio-18080-exec-10 org.apache.cxf.service.factory.ReflectionServiceFactoryBean - Could not find a matching method for operation {http://icar.unibas.it/freesbee/}getRuolo. Operation will be unavailable.
WARN http-bio-18080-exec-8 org.apache.cxf.service.factory.ReflectionServiceFactoryBean - Could not find a matching method for operation {http://icar.unibas.it/freesbee/}getRuolo. Operation will be unavailable.
ERROR http-bio-18080-exec-10 it.unibas.icar.freesbee.persistenza.soap.DAOPortaDelegataSOAP - Impossibile aggiungere la porta delegata it.unibas.icar.freesbee.ws.client.portadelegata.cxf.SOAPFault_Exception: Impossibile aggiungere la nuova porta delegata Failed to start route route34 because of Multiple consumers for the same endpoint is not allowed: Endpoint[http://0.0.0.0:8192/PD/EchoService_PD/]
ERROR http-bio-18080-exec-10 it.unibas.icar.freesbee.controllo.ControlloGestionePorteDelegate - Impossibile inserire la porta delegata. it.unibas.icar.freesbee.persistenza.DAOException: it.unibas.icar.freesbee.ws.client.portadelegata.cxf.SOAPFault_Exception: Impossibile aggiungere la nuova porta delegata Failed to start route route34 because of Multiple consumers for the same endpoint is not allowed: Endpoint[http://0.0.0.0:8192/PD/EchoService_PD/]
ERROR http-bio-18080-exec-10 it.unibas.icar.freesbee.persistenza.soap.DAOPortaDelegataSOAP - Impossibile aggiungere la porta delegata it.unibas.icar.freesbee.ws.client.portadelegata.cxf.SOAPFault_Exception: Impossibile aggiungere la nuova porta delegata Failed to start route route35 because of Multiple consumers for the same endpoint is not allowed: Endpoint[http://0.0.0.0:8192/PD/EchoService_PD/]
ERROR http-bio-18080-exec-10 it.unibas.icar.freesbee.controllo.ControlloGestionePorteDelegate - Impossibile modificare la Porta Delegata. it.unibas.icar.freesbee.persistenza.DAOException: it.unibas.icar.freesbee.ws.client.portadelegata.cxf.SOAPFault_Exception: Impossibile aggiungere la nuova porta delegata Failed to start route route35 because of Multiple consumers for the same endpoint is not allowed: Endpoint[http://0.0.0.0:8192/PD/EchoService_PD/]
WARN http-bio-18080-exec-4 org.apache.cxf.service.factory.ReflectionServiceFactoryBean - Could not find a matching method for operation {http://icar.unibas.it/freesbee/}getRuolo. Operation will be unavailable.
WARN http-bio-18080-exec-4 org.apache.cxf.service.factory.ReflectionServiceFactoryBean - Could not find a matching method for operation {http://icar.unibas.it/freesbee/}getRuolo. Operation will be unavailable.
WARN http-bio-18080-exec-4 org.apache.cxf.service.factory.ReflectionServiceFactoryBean - Could not find a matching method for operation {http://icar.unibas.it/freesbee/}getRuolo. Operation will be unavailable.
WARN http-bio-18080-exec-4 org.apache.cxf.service.factory.ReflectionServiceFactoryBean - Could not find a matching method for operation {http://icar.unibas.it/freesbee/}getRuolo. Operation will be unavailable.
WARN http-bio-18080-exec-6 org.apache.cxf.service.factory.ReflectionServiceFactoryBean - Could not find a matching method for operation {http://icar.unibas.it/freesbee/}getRuolo. Operation will be unavailable.
WARN http-bio-18080-exec-9 org.apache.cxf.service.factory.ReflectionServiceFactoryBean - Could not find a matching method for operation {http://icar.unibas.it/freesbee/}getRuolo. Operation will be unavailable.
WARN http-bio-18080-exec-1 org.apache.cxf.service.factory.ReflectionServiceFactoryBean - Could not find a matching method for operation {http://icar.unibas.it/freesbee/}getRuolo. Operation will be unavailable.
WARN http-bio-18080-exec-7 org.apache.cxf.service.factory.ReflectionServiceFactoryBean - Could not find a matching method for operation {http://icar.unibas.it/freesbee/}getRuolo. Operation will be unavailable.
WARN http-bio-18080-exec-4 org.apache.cxf.service.factory.ReflectionServiceFactoryBean - Could not find a matching method for operation {http://icar.unibas.it/freesbee/}getRuolo. Operation will be unavailable.
WARN http-bio-18080-exec-10 org.apache.cxf.service.factory.ReflectionServiceFactoryBean - Could not find a matching method for operation {http://icar.unibas.it/freesbee/}getRuolo. Operation will be unavailable.
WARN http-bio-18080-exec-6 org.apache.cxf.service.factory.ReflectionServiceFactoryBean - Could not find a matching method for operation {http://icar.unibas.it/freesbee/}getRuolo. Operation will be unavailable.
